chrome, 17668
TiWorker, 21916
svchost, 2424
ServiceHub.ThreadedWaitDialog, 5164
chrome, 15076
conhost, 23288
ServiceHub.RoslynCodeAnalysisService32, 22832
svchost, 3436
spoolsv, 3004
RuntimeBroker, 7312
chrome, 12116
svchost, 22392
svchost, 2192
sihost, 6012
svchost, 3856
StandardCollector.Service, 24148
ctfmon, 5788
svchost, 3420
TrustedInstaller, 27768
conhost, 14620
adb, 7352
LineMediaPlayer, 12896
NVDisplay.Container, 2548
conhost, 20648
conhost, 4700
svchost, 2112
chrome, 21968
Unity Hub, 7708
AnyDesk, 3396
mysqld, 4688
ServiceHub.SettingsHost, 11684
conhost, 16656
svchost, 1236
ServiceHub.Host.CLR.x86, 9424
Memory Compression, 2096
RuntimeBroker, 3388
svchost, 2952
ServiceHub.VSDetouredHost, 26192
cmd, 14156
svchost, 3380
lsass, 792
LineMediaPlayer, 26800
svchost, 3372
conhost, 15376
RuntimeBroker, 2076
chrome, 21216
conhost, 25348
svchost, 2672
svchost, 3364
SearchIndexer, 8100
RuntimeBroker, 5944
svchost, 5080
conhost, 10248
svchost, 3780
cmd, 21880
VBCSCompiler, 15844
svchost, 3448
svchost, 3340
svchost, 5492
ServiceHub.TestWindowStoreHost, 16264
svchost, 1272
chrome, 13660
conhost, 17816
MonitorClient, 11944
cmd, 9648
SourceTree, 18836
UnityHelper, 15028
tv_x64, 18936
svchost, 2020
XDesProc, 8484
conhost, 23836
chrome, 11068
conhost, 292
svchost, 1584
RuntimeBroker, 6324
RiotClientServices, 7616
svchost, 2012
backgroundTaskHost, 23992
csrss, 716
svchost, 3732
Microsoft.ServiceHub.Controller, 19676
svchost, 2004
acrotray, 14932
wininit, 708
chrome, 26052
UnityPackageManager, 25844
svchost, 4152
UnityShaderCompiler, 15356
SecurityHealthService, 8704
svchost, 1280
LineCall, 5008
ServiceHub.TestWindowStoreHost, 2852
chrome, 6728
svchost, 6296
conhost, 15348
AnyDesk, 8448
conhost, 19652
chrome, 17496
devenv, 15740
chrome, 16756
chrome, 12752
devenv, 18352
svchost, 2832
conhost, 20068
cmd, 6272
conhost, 17228
Unity.Licensing.Client, 8424
CompPkgSrv, 4100
conhost, 8420
RuntimeBroker, 22640
svchost, 3564
svchost, 7120
conhost, 17032
svchost, 2376
SearchApp, 7228
ApplicationFrameHost, 1080
svchost, 1508
svchost, 644
TeamViewer, 20900
LINE, 6676
audiodg, 11844
svchost, 3652
PerfWatson2, 3172
svchost, 1924
svchost, 3216
IntelliTrace, 15712
svchost, 1488
Microsoft.Alm.Shared.Remoting.RemoteContainer.dll, 23468
conhost, 18252
OneDrive, 8812
conhost, 20692
csrss, 620
svchost, 5360
svchost, 2772
svchost, 5984
svchost, 5356
svchost, 1476
chrome, 19144
svchost, 2764
ServiceHub.RoslynCodeAnalysisService32, 28192
svchost, 13536
RiotClientCrashHandler, 16980
SearchFilterHost, 21304
conhost, 17944
TextInputHost, 7924
Unity Hub, 3612
conhost, 25916
svchost, 7488
svchost, 1884
chrome, 9640
WmiPrvSE, 13804
RuntimeBroker, 8344
mysqld, 3600
svchost, 6184
Microsoft.Photos, 6180
XDesProc, 23096
MSBuild, 21484
dllhost, 13504
tv_w32, 22344
svchost, 23204
Unity Hub, 6604
sqlwriter, 3492
ServiceHub.Host.CLR.x86, 24268
UnityCrashHandler64, 8320
svchost, 1696
conhost, 9176
Registry, 124
upm-win, 14344
svchost, 3136
svchost, 9044
chrome, 19080
ShellExperienceHost, 1836
Microsoft.Alm.Shared.Remoting.RemoteContainer.dll, 8840
svchost, 2696
chrome, 14516
IPMsg, 8296
SgrmBroker, 7864
UnityShaderCompiler, 18636
explorer, 5704
TeamViewer_Service, 3548
svchost, 1392
UserOOBEBroker, 7424
NisSrv, 6560
taskhostw, 6128
svchost, 524
Unity Hub, 5264
fontdrvhost, 952
SecurityHealthSystray, 8664
MsMpEng, 3536
svchost, 4396
NVDisplay.Container, 1808
svchost, 3100
jhi_service, 3960
taskhostw, 6112
svchost, 924
SMSvcHost, 4384
svchost, 22708
ServiceHub.IdentityHost, 13000
svchost, 3516
svchost, 4808
svchost, 9116
PerfWatson2, 15580
Unity Hub, 2648
svchost, 3508
SystemSettings, 27212
UnityCrashHandler64, 16004
conhost, 22468
conhost, 9536
SearchProtocolHost, 22464
smss, 480
svchost, 1772
svchost, 3064
svchost, 22352
notepad++, 9096
svchost, 1008
svchost, 1336
chrome, 11676
StartMenuExperienceHost, 6936
chrome, 27192
svchost, 1400
svchost, 1760
Unity Hub, 8224
dwm, 1108
svchost, 3480
Unity, 12108
ScriptedSandbox64, 25456
svchost, 2180
WMIRegistrationService, 3472
Unity, 12656
chrome, 7348
fontdrvhost, 700
winlogon, 880
SMSvcHost, 3464
Video.UI, 6640
chrome, 876
ServiceHub.Host.CLR.x86, 24224
svchost, 20268
services, 780
svchost, 3456
svchost, 6040
conhost, 21388
System, 4
conhost, 20800
ServiceHub.DataWarehouseHost, 9484
Idle, 0
