2023-09-02-18-32-02 -> chrome, 17668
2023-09-02-18-32-02 -> svchost, 2424
2023-09-02-18-32-02 -> ServiceHub.ThreadedWaitDialog, 5164
2023-09-02-18-32-02 -> chrome, 15076
2023-09-02-18-32-02 -> ServiceHub.RoslynCodeAnalysisService32, 22832
2023-09-02-18-32-02 -> svchost, 3436
2023-09-02-18-32-02 -> spoolsv, 3004
2023-09-02-18-32-02 -> RuntimeBroker, 7312
2023-09-02-18-32-02 -> chrome, 12116
2023-09-02-18-32-02 -> svchost, 22392
2023-09-02-18-32-02 -> svchost, 2192
2023-09-02-18-32-02 -> sihost, 6012
2023-09-02-18-32-02 -> svchost, 3856
2023-09-02-18-32-02 -> MonitorClient, 11180
2023-09-02-18-32-02 -> ctfmon, 5788
2023-09-02-18-32-02 -> svchost, 3420
2023-09-02-18-32-02 -> svchost, 8680
2023-09-02-18-32-02 -> adb, 7352
2023-09-02-18-32-02 -> LineMediaPlayer, 12896
2023-09-02-18-32-02 -> NVDisplay.Container, 2548
2023-09-02-18-32-02 -> conhost, 20648
2023-09-02-18-32-02 -> conhost, 4700
2023-09-02-18-32-02 -> conhost, 24956
2023-09-02-18-32-02 -> svchost, 2112
2023-09-02-18-32-02 -> chrome, 21968
2023-09-02-18-32-02 -> Unity Hub, 7708
2023-09-02-18-32-02 -> svchost, 10856
2023-09-02-18-32-02 -> AnyDesk, 3396
2023-09-02-18-32-02 -> mysqld, 4688
2023-09-02-18-32-02 -> ServiceHub.SettingsHost, 11684
2023-09-02-18-32-02 -> conhost, 16656
2023-09-02-18-32-02 -> svchost, 1236
2023-09-02-18-32-02 -> ServiceHub.Host.CLR.x86, 9424
2023-09-02-18-32-02 -> Memory Compression, 2096
2023-09-02-18-32-02 -> RuntimeBroker, 3388
2023-09-02-18-32-02 -> StandardCollector.Service, 19332
2023-09-02-18-32-02 -> svchost, 2952
2023-09-02-18-32-02 -> ServiceHub.VSDetouredHost, 26192
2023-09-02-18-32-02 -> cmd, 14156
2023-09-02-18-32-02 -> svchost, 3380
2023-09-02-18-32-02 -> lsass, 792
2023-09-02-18-32-02 -> LineMediaPlayer, 26800
2023-09-02-18-32-02 -> svchost, 3372
2023-09-02-18-32-02 -> conhost, 15376
2023-09-02-18-32-02 -> RuntimeBroker, 2076
2023-09-02-18-32-02 -> chrome, 21216
2023-09-02-18-32-02 -> conhost, 25348
2023-09-02-18-32-02 -> svchost, 2672
2023-09-02-18-32-02 -> svchost, 3364
2023-09-02-18-32-02 -> SearchIndexer, 8100
2023-09-02-18-32-02 -> RuntimeBroker, 5944
2023-09-02-18-32-02 -> svchost, 5080
2023-09-02-18-32-02 -> conhost, 10248
2023-09-02-18-32-02 -> svchost, 3780
2023-09-02-18-32-02 -> cmd, 21880
2023-09-02-18-32-02 -> MSBuild, 24896
2023-09-02-18-32-02 -> VBCSCompiler, 15844
2023-09-02-18-32-02 -> svchost, 3448
2023-09-02-18-32-02 -> svchost, 3340
2023-09-02-18-32-02 -> conhost, 11324
2023-09-02-18-32-02 -> svchost, 5492
2023-09-02-18-32-02 -> ServiceHub.TestWindowStoreHost, 16264
2023-09-02-18-32-02 -> svchost, 1272
2023-09-02-18-32-02 -> chrome, 13660
2023-09-02-18-32-02 -> conhost, 17816
2023-09-02-18-32-02 -> cmd, 9648
2023-09-02-18-32-02 -> SourceTree, 18836
2023-09-02-18-32-02 -> UnityHelper, 15028
2023-09-02-18-32-02 -> tv_x64, 18936
2023-09-02-18-32-02 -> svchost, 2020
2023-09-02-18-32-02 -> XDesProc, 8484
2023-09-02-18-32-02 -> conhost, 23836
2023-09-02-18-32-02 -> chrome, 11068
2023-09-02-18-32-02 -> conhost, 292
2023-09-02-18-32-02 -> svchost, 1584
2023-09-02-18-32-02 -> RuntimeBroker, 6324
2023-09-02-18-32-02 -> RiotClientServices, 7616
2023-09-02-18-32-02 -> svchost, 2012
2023-09-02-18-32-02 -> csrss, 716
2023-09-02-18-32-02 -> svchost, 3732
2023-09-02-18-32-02 -> Microsoft.ServiceHub.Controller, 19676
2023-09-02-18-32-02 -> svchost, 2004
2023-09-02-18-32-02 -> acrotray, 14932
2023-09-02-18-32-02 -> wininit, 708
2023-09-02-18-32-02 -> SearchProtocolHost, 12532
2023-09-02-18-32-02 -> chrome, 26052
2023-09-02-18-32-02 -> UnityPackageManager, 25844
2023-09-02-18-32-02 -> svchost, 4152
2023-09-02-18-32-02 -> UnityShaderCompiler, 15356
2023-09-02-18-32-02 -> SecurityHealthService, 8704
2023-09-02-18-32-02 -> svchost, 1280
2023-09-02-18-32-02 -> LineCall, 5008
2023-09-02-18-32-02 -> ServiceHub.TestWindowStoreHost, 2852
2023-09-02-18-32-02 -> chrome, 6728
2023-09-02-18-32-02 -> svchost, 6296
2023-09-02-18-32-02 -> conhost, 15348
2023-09-02-18-32-02 -> AnyDesk, 8448
2023-09-02-18-32-02 -> conhost, 19652
2023-09-02-18-32-02 -> chrome, 17496
2023-09-02-18-32-02 -> devenv, 15740
2023-09-02-18-32-02 -> chrome, 16756
2023-09-02-18-32-02 -> chrome, 12752
2023-09-02-18-32-02 -> IntelliTrace, 10548
2023-09-02-18-32-02 -> devenv, 18352
2023-09-02-18-32-02 -> SearchFilterHost, 26108
2023-09-02-18-32-02 -> svchost, 2832
2023-09-02-18-32-02 -> conhost, 11444
2023-09-02-18-32-02 -> cmd, 6272
2023-09-02-18-32-02 -> conhost, 17228
2023-09-02-18-32-02 -> Unity.Licensing.Client, 8424
2023-09-02-18-32-02 -> CompPkgSrv, 4100
2023-09-02-18-32-02 -> conhost, 8420
2023-09-02-18-32-02 -> svchost, 7120
2023-09-02-18-32-02 -> conhost, 17032
2023-09-02-18-32-02 -> svchost, 2376
2023-09-02-18-32-02 -> SearchApp, 7228
2023-09-02-18-32-02 -> ApplicationFrameHost, 1080
2023-09-02-18-32-02 -> svchost, 1508
2023-09-02-18-32-02 -> svchost, 644
2023-09-02-18-32-02 -> TeamViewer, 20900
2023-09-02-18-32-02 -> LINE, 6676
2023-09-02-18-32-02 -> audiodg, 11844
2023-09-02-18-32-02 -> svchost, 3652
2023-09-02-18-32-02 -> PerfWatson2, 3172
2023-09-02-18-32-02 -> svchost, 1924
2023-09-02-18-32-02 -> svchost, 3216
2023-09-02-18-32-02 -> svchost, 1488
2023-09-02-18-32-02 -> Microsoft.Alm.Shared.Remoting.RemoteContainer.dll, 23468
2023-09-02-18-32-02 -> conhost, 18252
2023-09-02-18-32-02 -> OneDrive, 8812
2023-09-02-18-32-02 -> conhost, 20692
2023-09-02-18-32-02 -> csrss, 620
2023-09-02-18-32-02 -> svchost, 5360
2023-09-02-18-32-02 -> svchost, 2772
2023-09-02-18-32-02 -> svchost, 5984
2023-09-02-18-32-02 -> svchost, 5356
2023-09-02-18-32-02 -> svchost, 1476
2023-09-02-18-32-02 -> chrome, 19144
2023-09-02-18-32-02 -> svchost, 2764
2023-09-02-18-32-02 -> ServiceHub.RoslynCodeAnalysisService32, 28192
2023-09-02-18-32-02 -> svchost, 13536
2023-09-02-18-32-02 -> RiotClientCrashHandler, 16980
2023-09-02-18-32-02 -> conhost, 17944
2023-09-02-18-32-02 -> TextInputHost, 7924
2023-09-02-18-32-02 -> Unity Hub, 3612
2023-09-02-18-32-02 -> conhost, 25916
2023-09-02-18-32-02 -> svchost, 7488
2023-09-02-18-32-02 -> svchost, 1884
2023-09-02-18-32-02 -> chrome, 9640
2023-09-02-18-32-02 -> WmiPrvSE, 13804
2023-09-02-18-32-02 -> RuntimeBroker, 8344
2023-09-02-18-32-02 -> mysqld, 3600
2023-09-02-18-32-02 -> svchost, 6184
2023-09-02-18-32-02 -> Microsoft.Photos, 6180
2023-09-02-18-32-02 -> XDesProc, 23096
2023-09-02-18-32-02 -> dllhost, 13504
2023-09-02-18-32-02 -> tv_w32, 22344
2023-09-02-18-32-02 -> svchost, 23204
2023-09-02-18-32-02 -> Unity Hub, 6604
2023-09-02-18-32-02 -> sqlwriter, 3492
2023-09-02-18-32-02 -> ServiceHub.Host.CLR.x86, 24268
2023-09-02-18-32-02 -> UnityCrashHandler64, 8320
2023-09-02-18-32-02 -> svchost, 1696
2023-09-02-18-32-02 -> conhost, 9176
2023-09-02-18-32-02 -> Registry, 124
2023-09-02-18-32-02 -> upm-win, 14344
2023-09-02-18-32-02 -> svchost, 9044
2023-09-02-18-32-02 -> chrome, 19080
2023-09-02-18-32-02 -> ShellExperienceHost, 1836
2023-09-02-18-32-02 -> Microsoft.Alm.Shared.Remoting.RemoteContainer.dll, 8840
2023-09-02-18-32-02 -> svchost, 2696
2023-09-02-18-32-02 -> chrome, 14516
2023-09-02-18-32-02 -> IPMsg, 8296
2023-09-02-18-32-02 -> SgrmBroker, 7864
2023-09-02-18-32-02 -> UnityShaderCompiler, 18636
2023-09-02-18-32-02 -> explorer, 5704
2023-09-02-18-32-02 -> TeamViewer_Service, 3548
2023-09-02-18-32-02 -> svchost, 1392
2023-09-02-18-32-02 -> UserOOBEBroker, 7424
2023-09-02-18-32-02 -> NisSrv, 6560
2023-09-02-18-32-02 -> taskhostw, 6128
2023-09-02-18-32-02 -> svchost, 524
2023-09-02-18-32-02 -> Unity Hub, 5264
2023-09-02-18-32-02 -> fontdrvhost, 952
2023-09-02-18-32-02 -> SecurityHealthSystray, 8664
2023-09-02-18-32-02 -> MsMpEng, 3536
2023-09-02-18-32-02 -> svchost, 4396
2023-09-02-18-32-02 -> NVDisplay.Container, 1808
2023-09-02-18-32-02 -> svchost, 3100
2023-09-02-18-32-02 -> jhi_service, 3960
2023-09-02-18-32-02 -> taskhostw, 6112
2023-09-02-18-32-02 -> svchost, 924
2023-09-02-18-32-02 -> SMSvcHost, 4384
2023-09-02-18-32-02 -> ServiceHub.IdentityHost, 13000
2023-09-02-18-32-02 -> svchost, 3516
2023-09-02-18-32-02 -> svchost, 4808
2023-09-02-18-32-02 -> svchost, 9116
2023-09-02-18-32-02 -> PerfWatson2, 15580
2023-09-02-18-32-02 -> Unity Hub, 2648
2023-09-02-18-32-02 -> svchost, 3508
2023-09-02-18-32-02 -> SystemSettings, 27212
2023-09-02-18-32-02 -> UnityCrashHandler64, 16004
2023-09-02-18-32-02 -> conhost, 22468
2023-09-02-18-32-02 -> conhost, 9536
2023-09-02-18-32-02 -> smss, 480
2023-09-02-18-32-02 -> svchost, 1772
2023-09-02-18-32-02 -> svchost, 3064
2023-09-02-18-32-02 -> notepad++, 9096
2023-09-02-18-32-02 -> svchost, 1008
2023-09-02-18-32-02 -> svchost, 1336
2023-09-02-18-32-02 -> chrome, 11676
2023-09-02-18-32-02 -> StartMenuExperienceHost, 6936
2023-09-02-18-32-02 -> chrome, 27192
2023-09-02-18-32-02 -> svchost, 1400
2023-09-02-18-32-02 -> svchost, 1760
2023-09-02-18-32-02 -> Unity Hub, 8224
2023-09-02-18-32-02 -> dwm, 1108
2023-09-02-18-32-02 -> svchost, 3480
2023-09-02-18-32-02 -> Unity, 12108
2023-09-02-18-32-02 -> WmiPrvSE, 888
2023-09-02-18-32-02 -> svchost, 2180
2023-09-02-18-32-02 -> WMIRegistrationService, 3472
2023-09-02-18-32-02 -> Unity, 12656
2023-09-02-18-32-02 -> chrome, 7348
2023-09-02-18-32-02 -> fontdrvhost, 700
2023-09-02-18-32-02 -> winlogon, 880
2023-09-02-18-32-02 -> SMSvcHost, 3464
2023-09-02-18-32-02 -> Video.UI, 6640
2023-09-02-18-32-02 -> chrome, 876
2023-09-02-18-32-02 -> ServiceHub.Host.CLR.x86, 24224
2023-09-02-18-32-02 -> svchost, 20268
2023-09-02-18-32-02 -> services, 780
2023-09-02-18-32-02 -> svchost, 3456
2023-09-02-18-32-02 -> svchost, 6040
2023-09-02-18-32-02 -> conhost, 21388
2023-09-02-18-32-02 -> System, 4
2023-09-02-18-32-02 -> conhost, 20800
2023-09-02-18-32-02 -> ServiceHub.DataWarehouseHost, 9484
2023-09-02-18-32-02 -> Idle, 0
